113 [5852] INFO perfrun.launcher <> - Launcher main begin
120 [5852] INFO perfrun.launcher <> - MessageCatalogInit finished
120 [5852] INFO perfrun.launcher <> - Launcher instance created
120 [5852] INFO perfrun.launcher <> - argc = 7; cmdline = C:\Program Files (x86)\Intel\oneAPI\vtune\latest\bin64\amplxe-runss.exe --ui-output-format xml --ui-output-fd 1204 --option-file D:\dev\projects\Ilpigh_Uzco\profiling\IU\r002hs\config\runss.options 
141 [5852] INFO perfrun.launcher <> - New signal handler callback was added
205 [5852] INFO perfrun.launcher <> - create msngr2::ICliToolContext
205 [5852] INFO perfrun.launcher <> - create file finder object
206 [5852] INFO perfrun.launcher <> - create a result directory: pattern = D:\dev\projects\Ilpigh_Uzco\profiling\IU\r002hs pid = 4294967295
209 [5852] INFO perfrun.launcher <> - create data directory = D:\dev\projects\Ilpigh_Uzco\profiling\IU\r002hs\data.0
210 [5852] INFO perfrun.launcher <> - Creating the master collection flag
217 [5852] INFO perfrun.launcher <> - Done creating the master collection flag
217 [6660] INFO perfrun.launcher <> - plugin [remoteplug] was disabled because it doesn't support the given collection type.
217 [6660] INFO perfrun.sdk <> - Allocating TMU :D:\dev\projects\Ilpigh_Uzco\profiling\IU\r002hs\data.0\systemcollector-15172-GardenShedGoldenBox.sc
218 [6660] INFO perfrun.launcher <> - plugin [] was disabled because it doesn't support the given collection type.
222 [6660] INFO perfrun.launcher <> - plugin [] was disabled because it doesn't support the given collection type.
222 [6660] INFO perfrun.launcher <> - plugin [gpu] was disabled because it doesn't support the given collection type.
222 [6660] INFO perfrun.launcher <> - plugin [etw.kernel] was disabled because it doesn't support the given collection type.
222 [6660] INFO perfrun.launcher <> - plugin [etw.dx] was disabled because it doesn't support the given collection type.
222 [6660] INFO perfrun.launcher <> - plugin [etw.wsa] was disabled because it doesn't support the given collection type.
222 [6660] INFO perfrun.mrte <> - Disabling mrte collector because mrte-mode option is set as native
222 [6660] INFO perfrun.launcher <> - plugin [mrte] was disabled because it doesn't support the given collection type.
223 [6660] INFO perfrun.launcher <> - plugin [cuscol] was disabled because it doesn't support the given collection type.
223 [6660] INFO perfrun.launcher <> - plugin [stdsrc] was disabled because it doesn't support the given collection type.
223 [6660] INFO perfrun.launcher <> - plugin [sep] was disabled because it doesn't support the given collection type.
223 [6660] INFO perfrun.launcher <> - plugin [vtsspp] was disabled because it doesn't support the given collection type.
223 [6660] INFO perfrun.launcher <> - plugin [] was disabled because it doesn't support the given collection type.
223 [6660] INFO perfrun.launcher <> - plugin [aoclprofile] was disabled because it doesn't support the given collection type.
223 [6660] INFO perfrun.tpss <> - initialize tpss controller
223 [6660] INFO perfrun.tpss <> - configure collection mode: value = cpu:counters:nostack
223 [6660] INFO perfrun.tpss <> - configure collection mode: value = cpu:stack
223 [6660] INFO perfrun.tpss <> - default obj-size-min=1024
223 [6660] INFO perfrun.tpss <> - default hash-table-size=0
223 [6660] INFO perfrun.launcher <> - plugin [] was disabled because it doesn't support the given collection type.
223 [6660] INFO perfrun.launcher <> - plugin [] was disabled because it doesn't support the given collection type.
223 [6660] INFO perfrun.launcher <> - plugin [] was disabled because it doesn't support the given collection type.
223 [6660] INFO perfrun.launcher <> - plugin [] was disabled because it doesn't support the given collection type.
223 [6660] INFO perfrun.launcher <> - plugin [power] was disabled because it doesn't support the given collection type.
223 [6660] INFO perfrun.launcher <> - plugin [hwloc] was disabled because it doesn't support the given collection type.
223 [6660] INFO perfrun.launcher <> - plugin [ipmwatch] was disabled because it doesn't support the given collection type.
223 [6660] INFO perfrun.launcher <> - plugin [os_counters] was disabled because it doesn't support the given collection type.
224 [6660] INFO perfrun.launcher <> - plugin [l0_metrics] was disabled because it doesn't support the given collection type.
224 [5852] INFO perfrun.launcher <> - set environment variable: PATH = C:\Program Files (x86)\Intel\oneAPI\vtune\latest\bin32\runtime;C:\Program Files (x86)\Intel\oneAPI\vtune\latest\bin64\runtime;C:\VulkanSDK\1.3.211.0\Bin;C:\Program Files\Alacritty\;C:\VulkanSDK\1.2.189.2\Bin;C:\Program Files\Common Files\Oracle\Java\javapath;C:\windows\system32;C:\windows;C:\windows\System32\Wbem;C:\windows\System32\WindowsPowerShell\v1.0\;C:\windows\System32\OpenSSH\;C:\Program Files\LLVM\bin;C:\Program Files\Git\cmd;C:\Program Files\CMake\bin;C:\Program Files\dotnet\;C:\Program Files\wooting-analog-sdk\;C:\Program Files\Microsoft SQL Server\130\Tools\Binn\;C:\Program Files\Docker\Docker\resources\bin;C:\Users\sebpf\.cargo\bin;C:\Users\sebpf\AppData\Local\Microsoft\WindowsApps;C:\Users\sebpf\AppData\Local\Programs\Microsoft VS Code\bin;C:\Users\sebpf\AppData\Local\GitHubDesktop\bin;C:\Users\sebpf\.dotnet\tools;C:\Users\sebpf\AppData\Local\Programs\Hyper\resources\bin;C:\Users\sebpf\AppData\Local\gitkraken\bin;C:\Users\sebpf\AppData\Local\Programs\MiKTeX\miktex\bin\x64\;D:\dev\tools\.Compilers\Jai\jai\bin;D:\dev\tools\.BinaryAnalysis\.Debugger\RemedyBG\Windows\remedybg_0_3_8_6\
224 [5852] INFO perfrun.launcher <> - set environment variable: INTEL_LIBITTNOTIFY32 = C:\Program Files (x86)\Intel\oneAPI\vtune\latest\bin32\runtime\ittnotify_collector.dll
225 [5852] INFO perfrun.launcher <> - set environment variable: INTEL_LIBITTNOTIFY64 = C:\Program Files (x86)\Intel\oneAPI\vtune\latest\bin64\runtime\ittnotify_collector.dll
225 [5852] INFO perfrun.launcher <> - set environment variable: INTEL_ITTNOTIFY_GROUPS = 
225 [5852] INFO perfrun.launcher <> - set environment variable: INTEL_JIT_PROFILER32 = C:\Program Files (x86)\Intel\oneAPI\vtune\latest\bin32\runtime\ittnotify_collector.dll
225 [5852] INFO perfrun.launcher <> - set environment variable: INTEL_JIT_PROFILER64 = C:\Program Files (x86)\Intel\oneAPI\vtune\latest\bin64\runtime\ittnotify_collector.dll
226 [5852] INFO perfrun.launcher <> - set environment variable: VS_PROFILER = ittnotify_collector.dll
226 [5852] INFO perfrun.launcher <> - set environment variable: OMP_TOOL_LIBRARIES = C:\Program Files (x86)\Intel\oneAPI\vtune\latest\bin32\runtime\ittnotify_collector.dll;C:\Program Files (x86)\Intel\oneAPI\vtune\latest\bin64\runtime\ittnotify_collector.dll
226 [5852] INFO perfrun.launcher <> - set environment variable: ENABLE_JITPROFILING = 1
227 [5852] INFO perfrun.launcher <> - set environment variable: CL_CONFIG_USE_VTUNE = True
227 [5852] INFO perfrun.launcher <> - set environment variable: KMP_FORKJOIN_FRAMES = 0
227 [5852] INFO perfrun.launcher <> - set environment variable: KMP_FORKJOIN_FRAMES_MODE = 0
227 [5852] INFO perfrun.launcher <> - set environment variable: OMP_TOOL = disabled
228 [5852] INFO perfrun.launcher <> - RpcServer: run RPC server to handle requests
262 [5852] INFO perfrun.sdk <> - IProcessUtil: the given executable 'D:\dev\projects\Ilpigh_Uzco\binaries\IU_WINDOWS.exe' is valid.
263 [5852] INFO perfrun.launcher <> - Launcher: command line to start before modification = D:\dev\projects\Ilpigh_Uzco\binaries\IU_WINDOWS.exe
267 [5852] INFO perfrun.launcher <> - Launcher: command line to start after modification = C:\Program Files (x86)\Intel\oneAPI\vtune\2022.1.0\bin64\pin.exe -error_file D:\dev\projects\Ilpigh_Uzco\profiling\IU\r002hs\data.0\pinerr.tpsslog -detach_reattach -probe -follow_execv -p32 C:\Program Files (x86)\Intel\oneAPI\vtune\latest\bin32\pin.exe -p64 C:\Program Files (x86)\Intel\oneAPI\vtune\latest\bin64\pin.exe -t64 C:\Program Files (x86)\Intel\oneAPI\vtune\latest\bin64\tpsstool.dll -t C:\Program Files (x86)\Intel\oneAPI\vtune\latest\bin32\tpsstool.dll -server_name tpss_ipc.15172 -prd_dir C:\Program Files (x86)\Intel\oneAPI\vtune\2022.1.0 -- D:\dev\projects\Ilpigh_Uzco\binaries\IU_WINDOWS.exe
267 [5852] INFO perfrun.launcher <> - ProcessCreator object was created
275 [5852] INFO perfrun.launcher <> - Launcher: the process was started in suspend mode
275 [6660] INFO perfrun.itt <> - pause itt controller
275 [6660] INFO perfrun.tpss <> - pause tpss controller
275 [6660] INFO perfrun.itt <> - start itt controller for pid #8256
277 [6660] INFO perfrun.sdk <> - runCmd: "C:\Program Files (x86)\Intel\oneAPI\vtune\latest\bin64\emon.exe" -M
283 [6660] INFO perfrun.sdk <> - runCmd started PID 12988
351 [6660] INFO perfrun.sdk <> - runCmd: "C:\Program Files (x86)\Intel\oneAPI\vtune\latest\bin64\emon.exe" -v
356 [6660] INFO perfrun.sdk <> - runCmd started PID 24144
440 [6660] INFO perfrun.sdk <> - runCmd: "C:\Program Files (x86)\Intel\oneAPI\vtune\latest\bin64\sep.exe" -dry-run -ec "CPU_CLK_UNHALTED.THREAD,CPU_CLK_UNHALTED.REF_TSC:sample:sa=2400000,INST_RETIRED.ANY:sample:sa=2400000,CPU_CLK_UNHALTED.DISTRIBUTED,FP_ARITH_INST_RETIRED.SCALAR_SINGLE,FP_ARITH_INST_RETIRED.128B_PACKED_SINGLE,FP_ARITH_INST_RETIRED.256B_PACKED_SINGLE,FP_ARITH_INST_RETIRED.SCALAR_DOUBLE,FP_ARITH_INST_RETIRED.128B_PACKED_DOUBLE,FP_ARITH_INST_RETIRED.256B_PACKED_DOUBLE,UOPS_EXECUTED.X87,UOPS_RETIRED.SLOTS:sample:sa=2000003,UOPS_EXECUTED.THREAD,FP_ARITH_INST_RETIRED.512B_PACKED_DOUBLE,FP_ARITH_INST_RETIRED.512B_PACKED_SINGLE,TOPDOWN.SLOTS:sample:sa=2000003" -experimental
445 [6660] INFO perfrun.sdk <> - runCmd started PID 4080
534 [6660] INFO perfrun.sdk <> - runCmd: "C:\Program Files (x86)\Intel\oneAPI\vtune\latest\bin64\emon.exe" -u -t0.050 -l0 -A -C "CPU_CLK_UNHALTED.DISTRIBUTED,CPU_CLK_UNHALTED.REF_TSC,CPU_CLK_UNHALTED.THREAD,FP_ARITH_INST_RETIRED.128B_PACKED_DOUBLE,FP_ARITH_INST_RETIRED.128B_PACKED_SINGLE,FP_ARITH_INST_RETIRED.256B_PACKED_DOUBLE,FP_ARITH_INST_RETIRED.256B_PACKED_SINGLE,FP_ARITH_INST_RETIRED.512B_PACKED_DOUBLE,FP_ARITH_INST_RETIRED.512B_PACKED_SINGLE,FP_ARITH_INST_RETIRED.SCALAR_DOUBLE,FP_ARITH_INST_RETIRED.SCALAR_SINGLE,INST_RETIRED.ANY,TOPDOWN.SLOTS,UOPS_EXECUTED.THREAD,UOPS_EXECUTED.X87,UOPS_RETIRED.SLOTS" -f "D:\dev\projects\Ilpigh_Uzco\profiling\IU\r002hs\data.0\emon.0.emon" -p -experimental
540 [6660] INFO perfrun.sdk <> - runCmd started PID 9628
540 [6660] INFO perfrun.emon <> - Waiting trace file creation: D:\dev\projects\Ilpigh_Uzco\profiling\IU\r002hs\data.0\emon.0.emon
744 [6660] INFO perfrun.emon <> - trace file was found
744 [6660] INFO perfrun.tpss <> - start tpss controller for pid #8256
806 [5852] INFO perfrun.launcher <> - Launcher: all plugins were started
806 [5852] INFO perfrun.launcher <> - DeadlineTimer is going to be constructed
807 [5852] INFO perfrun.launcher <> - DeadlineTimer: a callback was added
807 [5852] INFO perfrun.launcher <> - DirectoryMonitor object was created
807 [5852] INFO perfrun.launcher <> - DirectoryMonitor: a callback was added
807 [5852] INFO perfrun.launcher <> - DirectoryMonitor was started with pingTime = 1000
807 [5852] INFO perfrun.launcher <> - DeadlineTimer is going to be constructed
807 [5852] INFO perfrun.launcher <> - DeadlineTimer: a callback was added
807 [5852] INFO perfrun.launcher <> - DeadlineTimer is going to be constructed
807 [5852] INFO perfrun.launcher <> - DeadlineTimer: a callback was added
814 [5852] INFO perfrun.launcher <> - Launcher: resume the profiled application and  wait its termination or stop command
10811 [6660] INFO perfrun.itt <> - resume itt controller
10811 [6660] INFO perfrun.sdk <> - runCmd: "C:\Program Files (x86)\Intel\oneAPI\vtune\latest\bin64\emon.exe" -resume -q
10815 [6660] INFO perfrun.sdk <> - runCmd started PID 21008
10908 [6660] INFO perfrun.emon <> - EMON collector successfully resumed.

10908 [6660] INFO perfrun.tpss <> - resume tpss controller
30827 [6660] INFO perfrun.itt <> - detach itt controller
30827 [6660] INFO perfrun.itt <> - detach itt controller done
30827 [6660] INFO perfrun.sdk <> - runCmd: "C:\Program Files (x86)\Intel\oneAPI\vtune\latest\bin64\emon.exe" -stop
30832 [6660] INFO perfrun.sdk <> - runCmd started PID 12068
31064 [6660] INFO perfrun.emon <> - EMON collector successfully stopped.

31064 [6660] INFO perfrun.tpss <> - stop tpss controller
31089 [6660] INFO perfrun.sdk <> - De-allocating TMU: D:\dev\projects\Ilpigh_Uzco\profiling\IU\r002hs\data.0\systemcollector-15172-GardenShedGoldenBox.sc
31109 [6660] INFO perfrun.system <> - closed the system trace file: D:\dev\projects\Ilpigh_Uzco\profiling\IU\r002hs\data.0\systemcollector-15172-GardenShedGoldenBox.sc
31185 [5852] WARN perfrun.sdk <> - Unexpected exit status - -1073741510, at file: C:\BB\INNLphep2w6r\b\tmpsafbm1\vcs\perfrun1\sdk\src\utils_win.cpp:553
31544 [24756] WARN perfrun.launcher <> - Cannot send KILL signal to the process with pid #8256 : Access is denied., at file: C:\BB\INNLphep2w6r\b\tmpsafbm1\vcs\perfrun1\launcher\src\signal_handler_win.cpp:85
31544 [5852] INFO perfrun.launcher <> - Launcher: the profiled application was terminated  with exit code = -1073741510
31545 [5852] INFO perfrun.launcher <> - Launcher: all plugins were stopped.
31545 [5852] INFO perfrun.launcher <> - DeadlineTimer is going to be destroyed
31545 [5852] INFO perfrun.launcher <> - DeadlineTimer was destroyed
31546 [5852] INFO perfrun.launcher <> - DeadlineTimer is going to be destroyed
31546 [5852] INFO perfrun.launcher <> - DeadlineTimer was destroyed
31546 [5852] INFO perfrun.launcher <> - DeadlineTimer is going to be destroyed
31546 [5852] INFO perfrun.launcher <> - DeadlineTimer was destroyed
31547 [5852] INFO perfrun.launcher <> - DirectoryMonitor object was destroyed
31547 [5852] WARN perfrun.launcher <> - Stop command is ignored because it is received when collection is already stopped, at file: C:\BB\INNLphep2w6r\b\tmpsafbm1\vcs\perfrun1\launcher\src\command_handler.cpp:212
31558 [5852] INFO perfrun.launcher <> - Application exit code: -1073741510
31558 [5852] INFO perfrun.launcher <> - Exit code: 4
